<?xml version="1.0" encoding="UTF-8"?>
<coverage generated="1722762465828" clover="3.2.0">
  <project timestamp="1722762465828" name="All files">
    <metrics statements="23" coveredstatements="23" conditionals="6" coveredconditionals="6" methods="10" coveredmethods="10" elements="39" coveredelements="39" complexity="0" loc="23" ncloc="23" packages="2" files="2" classes="2"/>
    <package name="components">
      <metrics statements="20" coveredstatements="20" conditionals="0" coveredconditionals="0" methods="8" coveredmethods="8"/>
      <file name="DataTable.tsx" path="/home/hafez/1/Projects/FMSCA_viewer/src/components/DataTable.tsx">
        <metrics statements="20" coveredstatements="20" conditionals="0" coveredconditionals="0" methods="8" coveredmethods="8"/>
        <line num="14" count="1" type="stmt"/>
        <line num="15" count="1" type="stmt"/>
        <line num="47" count="11" type="stmt"/>
        <line num="48" count="11" type="stmt"/>
        <line num="49" count="11" type="stmt"/>
        <line num="50" count="11" type="stmt"/>
        <line num="65" count="11" type="stmt"/>
        <line num="69" count="2" type="stmt"/>
        <line num="72" count="11" type="stmt"/>
        <line num="75" count="1" type="stmt"/>
        <line num="76" count="1" type="stmt"/>
        <line num="79" count="11" type="stmt"/>
        <line num="80" count="1" type="stmt"/>
        <line num="87" count="11" type="stmt"/>
        <line num="88" count="1100" type="stmt"/>
        <line num="89" count="12408" type="stmt"/>
        <line num="95" count="11" type="stmt"/>
        <line num="101" count="132" type="stmt"/>
        <line num="134" count="125" type="stmt"/>
        <line num="167" count="1" type="stmt"/>
      </file>
    </package>
    <package name="utils">
      <metrics statements="3" coveredstatements="3" conditionals="6" coveredconditionals="6" methods="2" coveredmethods="2"/>
      <file name="dataTransform.ts" path="/home/hafez/1/Projects/FMSCA_viewer/src/utils/dataTransform.ts">
        <metrics statements="3" coveredstatements="3" conditionals="6" coveredconditionals="6" methods="2" coveredmethods="2"/>
        <line num="6" count="1" type="stmt"/>
        <line num="23" count="1" type="stmt"/>
        <line num="24" count="99" type="stmt"/>
      </file>
    </package>
  </project>
</coverage>
