{"/home/hafez/1/Projects/FMSCA_viewer/src/components/DataTable.tsx": {"path":"/home/hafez/1/Projects/FMSCA_viewer/src/components/DataTable.tsx","statementMap":{"0":{"start":{"line":14,"column":0},"end":{"line":14,"column":52}},"1":{"start":{"line":15,"column":0},"end":{"line":15,"column":null}},"2":{"start":{"line":47,"column":44},"end":{"line":165,"column":1}},"3":{"start":{"line":47,"column":51},"end":{"line":47,"column":53}},"4":{"start":{"line":48,"column":26},"end":{"line":48,"column":37}},"5":{"start":{"line":48,"column":13},"end":{"line":48,"column":15}},"6":{"start":{"line":48,"column":22},"end":{"line":48,"column":26}},"7":{"start":{"line":49,"column":40},"end":{"line":49,"column":52}},"8":{"start":{"line":49,"column":20},"end":{"line":49,"column":22}},"9":{"start":{"line":49,"column":36},"end":{"line":49,"column":40}},"10":{"start":{"line":50,"column":32},"end":{"line":63,"column":4}},"11":{"start":{"line":50,"column":16},"end":{"line":50,"column":18}},"12":{"start":{"line":50,"column":28},"end":{"line":50,"column":32}},"13":{"start":{"line":65,"column":27},"end":{"line":70,"column":3}},"14":{"start":{"line":69,"column":4},"end":{"line":69,"column":null}},"15":{"start":{"line":72,"column":34},"end":{"line":77,"column":3}},"16":{"start":{"line":75,"column":4},"end":{"line":75,"column":null}},"17":{"start":{"line":76,"column":4},"end":{"line":76,"column":null}},"18":{"start":{"line":79,"column":29},"end":{"line":84,"column":3}},"19":{"start":{"line":80,"column":4},"end":{"line":83,"column":null}},"20":{"start":{"line":87,"column":23},"end":{"line":93,"column":4}},"21":{"start":{"line":88,"column":4},"end":{"line":92,"column":null}},"22":{"start":{"line":89,"column":6},"end":{"line":91,"column":null}},"23":{"start":{"line":95,"column":2},"end":{"line":164,"column":null}},"24":{"start":{"line":101,"column":43},"end":{"line":111,"column":12}},"25":{"start":{"line":134,"column":37},"end":{"line":149,"column":18}},"26":{"start":{"line":167,"column":0},"end":{"line":167,"column":null}}},"fnMap":{"0":{"name":"(anonymous_2)","decl":{"start":{"line":47,"column":44},"end":{"line":47,"column":45}},"loc":{"start":{"line":47,"column":53},"end":{"line":165,"column":1}}},"1":{"name":"(anonymous_3)","decl":{"start":{"line":65,"column":27},"end":{"line":65,"column":null}},"loc":{"start":{"line":67,"column":19},"end":{"line":70,"column":3}}},"2":{"name":"(anonymous_4)","decl":{"start":{"line":72,"column":34},"end":{"line":72,"column":null}},"loc":{"start":{"line":73,"column":46},"end":{"line":77,"column":3}}},"3":{"name":"(anonymous_5)","decl":{"start":{"line":79,"column":29},"end":{"line":79,"column":30}},"loc":{"start":{"line":79,"column":66},"end":{"line":84,"column":3}}},"4":{"name":"(anonymous_6)","decl":{"start":{"line":87,"column":35},"end":{"line":87,"column":38}},"loc":{"start":{"line":87,"column":38},"end":{"line":93,"column":3}}},"5":{"name":"(anonymous_7)","decl":{"start":{"line":88,"column":38},"end":{"line":88,"column":41}},"loc":{"start":{"line":88,"column":41},"end":{"line":89,"column":9}}},"6":{"name":"(anonymous_8)","decl":{"start":{"line":101,"column":36},"end":{"line":101,"column":39}},"loc":{"start":{"line":101,"column":39},"end":{"line":101,"column":null}}},"7":{"name":"(anonymous_9)","decl":{"start":{"line":134,"column":21},"end":{"line":134,"column":22}},"loc":{"start":{"line":134,"column":32},"end":{"line":134,"column":null}}}},"branchMap":{},"s":{"0":1,"1":1,"2":1,"3":11,"4":11,"5":11,"6":11,"7":11,"8":11,"9":11,"10":11,"11":11,"12":11,"13":11,"14":2,"15":11,"16":1,"17":1,"18":11,"19":1,"20":11,"21":1100,"22":12408,"23":11,"24":132,"25":125,"26":1},"f":{"0":11,"1":2,"2":1,"3":1,"4":1100,"5":12408,"6":132,"7":125},"b":{}}
}
