{"/home/hafez/1/Projects/FMSCA_viewer/src/utils/groupDataByMonth.ts": {"path":"/home/hafez/1/Projects/FMSCA_viewer/src/utils/groupDataByMonth.ts","statementMap":{"0":{"start":{"line":10,"column":20},"end":{"line":10,"column":37}},"1":{"start":{"line":10,"column":36},"end":{"line":10,"column":null}},"2":{"start":{"line":13,"column":32},"end":{"line":39,"column":1}},"3":{"start":{"line":14,"column":22},"end":{"line":36,"column":34}},"4":{"start":{"line":15,"column":4},"end":{"line":17,"column":5}},"5":{"start":{"line":16,"column":6},"end":{"line":16,"column":null}},"6":{"start":{"line":19,"column":17},"end":{"line":19,"column":51}},"7":{"start":{"line":22,"column":4},"end":{"line":24,"column":5}},"8":{"start":{"line":23,"column":6},"end":{"line":23,"column":null}},"9":{"start":{"line":26,"column":18},"end":{"line":26,"column":37}},"10":{"start":{"line":27,"column":17},"end":{"line":27,"column":35}},"11":{"start":{"line":28,"column":16},"end":{"line":28,"column":61}},"12":{"start":{"line":30,"column":4},"end":{"line":32,"column":5}},"13":{"start":{"line":31,"column":6},"end":{"line":31,"column":null}},"14":{"start":{"line":34,"column":4},"end":{"line":34,"column":null}},"15":{"start":{"line":35,"column":4},"end":{"line":35,"column":null}},"16":{"start":{"line":38,"column":2},"end":{"line":38,"column":null}},"17":{"start":{"line":13,"column":13},"end":{"line":13,"column":32}}},"fnMap":{"0":{"name":"(anonymous_0)","decl":{"start":{"line":10,"column":20},"end":{"line":10,"column":21}},"loc":{"start":{"line":10,"column":31},"end":{"line":10,"column":37}}},"1":{"name":"(anonymous_1)","decl":{"start":{"line":13,"column":32},"end":{"line":13,"column":33}},"loc":{"start":{"line":13,"column":54},"end":{"line":39,"column":1}}},"2":{"name":"(anonymous_2)","decl":{"start":{"line":14,"column":34},"end":{"line":14,"column":35}},"loc":{"start":{"line":14,"column":44},"end":{"line":36,"column":3}}}},"branchMap":{"0":{"loc":{"start":{"line":15,"column":4},"end":{"line":17,"column":5}},"type":"if","locations":[{"start":{"line":15,"column":4},"end":{"line":17,"column":5}}]},"1":{"loc":{"start":{"line":22,"column":4},"end":{"line":24,"column":5}},"type":"if","locations":[{"start":{"line":22,"column":4},"end":{"line":24,"column":5}}]},"2":{"loc":{"start":{"line":28,"column":27},"end":{"line":28,"column":59}},"type":"cond-expr","locations":[{"start":{"line":28,"column":40},"end":{"line":28,"column":51}},{"start":{"line":28,"column":54},"end":{"line":28,"column":59}}]},"3":{"loc":{"start":{"line":30,"column":4},"end":{"line":32,"column":5}},"type":"if","locations":[{"start":{"line":30,"column":4},"end":{"line":32,"column":5}}]}},"s":{"0":1,"1":9,"2":1,"3":4,"4":11,"5":2,"6":9,"7":9,"8":1,"9":8,"10":8,"11":8,"12":8,"13":7,"14":8,"15":8,"16":4,"17":1},"f":{"0":9,"1":4,"2":11},"b":{"0":[2],"1":[1],"2":[8,0],"3":[7]}}
,"/home/hafez/1/Projects/FMSCA_viewer/src/utils/transformData.ts": {"path":"/home/hafez/1/Projects/FMSCA_viewer/src/utils/transformData.ts","statementMap":{"0":{"start":{"line":11,"column":2},"end":{"line":42,"column":null}},"1":{"start":{"line":11,"column":31},"end":{"line":42,"column":5}},"2":{"start":{"line":45,"column":0},"end":{"line":45,"column":null}}},"fnMap":{"0":{"name":"transformData","decl":{"start":{"line":10,"column":9},"end":{"line":10,"column":22}},"loc":{"start":{"line":10,"column":39},"end":{"line":43,"column":1}}},"1":{"name":"(anonymous_1)","decl":{"start":{"line":11,"column":23},"end":{"line":11,"column":27}},"loc":{"start":{"line":11,"column":27},"end":{"line":11,"column":32}}}},"branchMap":{"0":{"loc":{"start":{"line":15,"column":22},"end":{"line":15,"column":56}},"type":"binary-expr","locations":[{"start":{"line":15,"column":22},"end":{"line":15,"column":43}},{"start":{"line":15,"column":47},"end":{"line":15,"column":56}}]},"1":{"loc":{"start":{"line":17,"column":14},"end":{"line":17,"column":33}},"type":"binary-expr","locations":[{"start":{"line":17,"column":14},"end":{"line":17,"column":27}},{"start":{"line":17,"column":31},"end":{"line":17,"column":33}}]},"2":{"loc":{"start":{"line":30,"column":21},"end":{"line":30,"column":47}},"type":"binary-expr","locations":[{"start":{"line":30,"column":21},"end":{"line":30,"column":41}},{"start":{"line":30,"column":45},"end":{"line":30,"column":47}}]},"3":{"loc":{"start":{"line":37,"column":6},"end":{"line":39,"column":14}},"type":"cond-expr","locations":[{"start":{"line":38,"column":10},"end":{"line":38,"column":27}},{"start":{"line":39,"column":10},"end":{"line":39,"column":14}}]},"4":{"loc":{"start":{"line":37,"column":6},"end":{"line":37,"column":69}},"type":"binary-expr","locations":[{"start":{"line":37,"column":6},"end":{"line":37,"column":37}},{"start":{"line":37,"column":41},"end":{"line":37,"column":69}}]},"5":{"loc":{"start":{"line":40,"column":25},"end":{"line":40,"column":55}},"type":"binary-expr","locations":[{"start":{"line":40,"column":25},"end":{"line":40,"column":49}},{"start":{"line":40,"column":53},"end":{"line":40,"column":55}}]}},"s":{"0":3,"1":3,"2":1},"f":{"0":3,"1":3},"b":{"0":[3,3],"1":[3,2],"2":[3,3],"3":[0,3],"4":[3,2],"5":[3,2]}}
}
