TN:
SF:src/components/DataTable.tsx
FN:47,(anonymous_2)
FN:65,(anonymous_3)
FN:72,(anonymous_4)
FN:79,(anonymous_5)
FN:87,(anonymous_6)
FN:88,(anonymous_7)
FN:101,(anonymous_8)
FN:134,(anonymous_9)
FNF:8
FNH:8
FNDA:11,(anonymous_2)
FNDA:2,(anonymous_3)
FNDA:1,(anonymous_4)
FNDA:1,(anonymous_5)
FNDA:1100,(anonymous_6)
FNDA:12408,(anonymous_7)
FNDA:132,(anonymous_8)
FNDA:125,(anonymous_9)
DA:14,1
DA:15,1
DA:47,11
DA:48,11
DA:49,11
DA:50,11
DA:65,11
DA:69,2
DA:72,11
DA:75,1
DA:76,1
DA:79,11
DA:80,1
DA:87,11
DA:88,1100
DA:89,12408
DA:95,11
DA:101,132
DA:134,125
DA:167,1
LF:20
LH:20
BRF:0
BRH:0
end_of_record
