TN:
SF:src/components/DataTable.tsx
FN:35,(anonymous_2)
FN:54,(anonymous_3)
FN:61,(anonymous_4)
FN:68,(anonymous_5)
FN:76,(anonymous_6)
FN:77,(anonymous_7)
FN:102,(anonymous_8)
FN:135,(anonymous_9)
FNF:8
FNH:8
FNDA:11,(anonymous_2)
FNDA:2,(anonymous_3)
FNDA:1,(anonymous_4)
FNDA:1,(anonymous_5)
FNDA:1100,(anonymous_6)
FNDA:12408,(anonymous_7)
FNDA:132,(anonymous_8)
FNDA:125,(anonymous_9)
DA:1,1
DA:2,1
DA:35,11
DA:36,11
DA:37,11
DA:38,11
DA:39,11
DA:54,11
DA:58,2
DA:61,11
DA:64,1
DA:65,1
DA:68,11
DA:69,1
DA:76,11
DA:77,1100
DA:78,12408
DA:84,11
DA:102,132
DA:135,125
DA:168,1
LF:21
LH:21
BRF:0
BRH:0
end_of_record
TN:
SF:src/utils/dataTransform.ts
FN:23,(anonymous_1)
FN:24,(anonymous_2)
FNF:2
FNH:2
FNDA:1,(anonymous_1)
FNDA:102,(anonymous_2)
DA:6,1
DA:23,1
DA:24,102
LF:3
LH:3
BRDA:28,0,0,102
BRDA:28,0,1,64
BRDA:30,1,0,102
BRDA:30,1,1,64
BRDA:34,2,0,102
BRDA:34,2,1,61
BRF:6
BRH:6
end_of_record
